<?xml version="1.0" encoding="UTF-8"?>
<testng-results skipped="0" failed="0" ignored="0" total="1" passed="1">
  <reporter-output>
  </reporter-output>
  <suite name="Default suite" duration-ms="9313" started-at="2020-05-25T08:46:04 IST" finished-at="2020-05-25T08:46:14 IST">
    <groups>
    </groups>
    <test name="Default test" duration-ms="9313" started-at="2020-05-25T08:46:04 IST" finished-at="2020-05-25T08:46:14 IST">
      <class name="com.Nebula.qa.testcases.LoginTest">
        <test-method status="PASS" signature="SetUp()[pri:0, instance:com.Nebula.qa.testcases.LoginTest@1c3a4799]" name="SetUp" is-config="true" duration-ms="8363" started-at="2020-05-25T08:46:04 IST" finished-at="2020-05-25T08:46:13 IST">
          <reporter-output>
          </reporter-output>
        </test-method> <!-- SetUp -->
        <test-method status="PASS" signature="LoginDetailstest()[pri:0, instance:com.Nebula.qa.testcases.LoginTest@1c3a4799]" name="LoginDetailstest" duration-ms="893" started-at="2020-05-25T08:46:13 IST" finished-at="2020-05-25T08:46:14 IST">
          <reporter-output>
          </reporter-output>
        </test-method> <!-- LoginDetailstest -->
        <test-method status="PASS" signature="tearDown()[pri:0, instance:com.Nebula.qa.testcases.LoginTest@1c3a4799]" name="tearDown" is-config="true" duration-ms="0" started-at="2020-05-25T08:46:14 IST" finished-at="2020-05-25T08:46:14 IST">
          <reporter-output>
          </reporter-output>
        </test-method> <!-- tearDown -->
      </class> <!-- com.Nebula.qa.testcases.LoginTest -->
    </test> <!-- Default test -->
  </suite> <!-- Default suite -->
</testng-results>
